{"/home/camonapp/Documentos/thumbnail-generator-api/handlers/api.js": {"path":"/home/camonapp/Documentos/thumbnail-generator-api/handlers/api.js","statementMap":{"0":{"start":{"line":1,"column":17},"end":{"line":1,"column":47}},"1":{"start":{"line":2,"column":19},"end":{"line":2,"column":51}},"2":{"start":{"line":3,"column":16},"end":{"line":3,"column":45}},"3":{"start":{"line":4,"column":15},"end":{"line":4,"column":43}},"4":{"start":{"line":7,"column":0},"end":{"line":25,"column":2}},"5":{"start":{"line":8,"column":2},"end":{"line":24,"column":3}},"6":{"start":{"line":9,"column":20},"end":{"line":9,"column":33}},"7":{"start":{"line":11,"column":17},"end":{"line":11,"column":39}},"8":{"start":{"line":12,"column":19},"end":{"line":12,"column":58}},"9":{"start":{"line":14,"column":4},"end":{"line":14,"column":40}},"10":{"start":{"line":16,"column":25},"end":{"line":16,"column":64}},"11":{"start":{"line":18,"column":4},"end":{"line":18,"column":36}},"12":{"start":{"line":20,"column":4},"end":{"line":20,"column":33}},"13":{"start":{"line":23,"column":4},"end":{"line":23,"column":67}},"14":{"start":{"line":27,"column":0},"end":{"line":40,"column":1}},"15":{"start":{"line":28,"column":18},"end":{"line":28,"column":31}},"16":{"start":{"line":29,"column":13},"end":{"line":29,"column":36}},"17":{"start":{"line":30,"column":15},"end":{"line":30,"column":47}},"18":{"start":{"line":31,"column":16},"end":{"line":31,"column":40}},"19":{"start":{"line":33,"column":14},"end":{"line":33,"column":16}},"20":{"start":{"line":35,"column":2},"end":{"line":37,"column":5}},"21":{"start":{"line":36,"column":4},"end":{"line":36,"column":37}},"22":{"start":{"line":39,"column":2},"end":{"line":39,"column":34}}},"fnMap":{"0":{"name":"(anonymous_0)","decl":{"start":{"line":7,"column":23},"end":{"line":7,"column":24}},"loc":{"start":{"line":7,"column":38},"end":{"line":25,"column":1}},"line":7},"1":{"name":"(anonymous_1)","decl":{"start":{"line":27,"column":22},"end":{"line":27,"column":23}},"loc":{"start":{"line":27,"column":37},"end":{"line":40,"column":1}},"line":27},"2":{"name":"(anonymous_2)","decl":{"start":{"line":35,"column":16},"end":{"line":35,"column":17}},"loc":{"start":{"line":35,"column":24},"end":{"line":37,"column":3}},"line":35}},"branchMap":{"0":{"loc":{"start":{"line":12,"column":31},"end":{"line":12,"column":47}},"type":"binary-expr","locations":[{"start":{"line":12,"column":31},"end":{"line":12,"column":41}},{"start":{"line":12,"column":45},"end":{"line":12,"column":47}}],"line":12}},"s":{"0":1,"1":1,"2":1,"3":1,"4":1,"5":2,"6":2,"7":2,"8":2,"9":2,"10":1,"11":1,"12":1,"13":1,"14":1,"15":1,"16":1,"17":1,"18":1,"19":1,"20":1,"21":3,"22":1},"f":{"0":2,"1":1,"2":3},"b":{"0":[2,1]},"_coverageSchema":"1a1c01bbd47fc00a2c39e90264f33305004495a9","hash":"18ae29b61c630f6c441c46e51e5fb413e4dafdd5"}
,"/home/camonapp/Documentos/thumbnail-generator-api/handlers/process.js": {"path":"/home/camonapp/Documentos/thumbnail-generator-api/handlers/process.js","statementMap":{"0":{"start":{"line":1,"column":16},"end":{"line":1,"column":45}},"1":{"start":{"line":2,"column":15},"end":{"line":2,"column":43}},"2":{"start":{"line":4,"column":14},"end":{"line":8,"column":1}},"3":{"start":{"line":10,"column":0},"end":{"line":22,"column":2}},"4":{"start":{"line":11,"column":18},"end":{"line":11,"column":31}},"5":{"start":{"line":13,"column":2},"end":{"line":21,"column":5}},"6":{"start":{"line":14,"column":19},"end":{"line":14,"column":35}},"7":{"start":{"line":15,"column":16},"end":{"line":15,"column":45}},"8":{"start":{"line":16,"column":4},"end":{"line":20,"column":7}},"9":{"start":{"line":17,"column":26},"end":{"line":17,"column":56}},"10":{"start":{"line":18,"column":18},"end":{"line":18,"column":67}},"11":{"start":{"line":19,"column":6},"end":{"line":19,"column":42}}},"fnMap":{"0":{"name":"(anonymous_0)","decl":{"start":{"line":10,"column":24},"end":{"line":10,"column":25}},"loc":{"start":{"line":10,"column":39},"end":{"line":22,"column":1}},"line":10},"1":{"name":"(anonymous_1)","decl":{"start":{"line":13,"column":24},"end":{"line":13,"column":25}},"loc":{"start":{"line":13,"column":42},"end":{"line":21,"column":3}},"line":13},"2":{"name":"(anonymous_2)","decl":{"start":{"line":16,"column":18},"end":{"line":16,"column":19}},"loc":{"start":{"line":16,"column":34},"end":{"line":20,"column":5}},"line":16}},"branchMap":{},"s":{"0":1,"1":1,"2":1,"3":1,"4":1,"5":1,"6":1,"7":1,"8":1,"9":3,"10":0,"11":0},"f":{"0":1,"1":1,"2":3},"b":{},"_coverageSchema":"1a1c01bbd47fc00a2c39e90264f33305004495a9","hash":"ae76d15912a91e08d7a50ce6441c17031ea0e932"}
,"/home/camonapp/Documentos/thumbnail-generator-api/helpers/Resize.js": {"path":"/home/camonapp/Documentos/thumbnail-generator-api/helpers/Resize.js","statementMap":{"0":{"start":{"line":1,"column":17},"end":{"line":1,"column":37}},"1":{"start":{"line":2,"column":15},"end":{"line":2,"column":32}},"2":{"start":{"line":3,"column":14},"end":{"line":3,"column":30}},"3":{"start":{"line":14,"column":21},"end":{"line":14,"column":54}},"4":{"start":{"line":15,"column":15},"end":{"line":15,"column":23}},"5":{"start":{"line":16,"column":17},"end":{"line":16,"column":53}},"6":{"start":{"line":17,"column":4},"end":{"line":17,"column":24}},"7":{"start":{"line":26,"column":4},"end":{"line":26,"column":26}},"8":{"start":{"line":36,"column":27},"end":{"line":36,"column":41}},"9":{"start":{"line":37,"column":24},"end":{"line":37,"column":39}},"10":{"start":{"line":38,"column":4},"end":{"line":38,"column":64}},"11":{"start":{"line":50,"column":4},"end":{"line":50,"column":46}},"12":{"start":{"line":55,"column":0},"end":{"line":55,"column":24}}},"fnMap":{"0":{"name":"(anonymous_0)","decl":{"start":{"line":13,"column":2},"end":{"line":13,"column":3}},"loc":{"start":{"line":13,"column":42},"end":{"line":18,"column":3}},"line":13},"1":{"name":"(anonymous_1)","decl":{"start":{"line":25,"column":2},"end":{"line":25,"column":3}},"loc":{"start":{"line":25,"column":35},"end":{"line":27,"column":3}},"line":25},"2":{"name":"(anonymous_2)","decl":{"start":{"line":35,"column":2},"end":{"line":35,"column":3}},"loc":{"start":{"line":35,"column":45},"end":{"line":39,"column":3}},"line":35},"3":{"name":"(anonymous_3)","decl":{"start":{"line":49,"column":2},"end":{"line":49,"column":3}},"loc":{"start":{"line":49,"column":33},"end":{"line":51,"column":3}},"line":49}},"branchMap":{},"s":{"0":3,"1":3,"2":3,"3":2,"4":2,"5":2,"6":2,"7":2,"8":1,"9":1,"10":1,"11":4,"12":3},"f":{"0":2,"1":2,"2":1,"3":4},"b":{},"_coverageSchema":"1a1c01bbd47fc00a2c39e90264f33305004495a9","hash":"e42ff1c26d570d1a0f5512a84b7e79147fd1cebb"}
,"/home/camonapp/Documentos/thumbnail-generator-api/helpers/Response.js": {"path":"/home/camonapp/Documentos/thumbnail-generator-api/helpers/Response.js","statementMap":{"0":{"start":{"line":9,"column":4},"end":{"line":16,"column":5}},"1":{"start":{"line":20,"column":0},"end":{"line":20,"column":26}}},"fnMap":{"0":{"name":"(anonymous_0)","decl":{"start":{"line":8,"column":2},"end":{"line":8,"column":3}},"loc":{"start":{"line":8,"column":28},"end":{"line":17,"column":3}},"line":8}},"branchMap":{"0":{"loc":{"start":{"line":10,"column":18},"end":{"line":10,"column":31}},"type":"binary-expr","locations":[{"start":{"line":10,"column":18},"end":{"line":10,"column":24}},{"start":{"line":10,"column":28},"end":{"line":10,"column":31}}],"line":10}},"s":{"0":5,"1":2},"f":{"0":5},"b":{"0":[5,3]},"_coverageSchema":"1a1c01bbd47fc00a2c39e90264f33305004495a9","hash":"0ad42d4b4a5f9542a8f5a9a90f3d885502d28013"}
,"/home/camonapp/Documentos/thumbnail-generator-api/helpers/Storage.js": {"path":"/home/camonapp/Documentos/thumbnail-generator-api/helpers/Storage.js","statementMap":{"0":{"start":{"line":1,"column":12},"end":{"line":1,"column":30}},"1":{"start":{"line":2,"column":51},"end":{"line":2,"column":62}},"2":{"start":{"line":4,"column":0},"end":{"line":8,"column":3}},"3":{"start":{"line":16,"column":4},"end":{"line":16,"column":24}},"4":{"start":{"line":17,"column":4},"end":{"line":17,"column":27}},"5":{"start":{"line":27,"column":24},"end":{"line":27,"column":43}},"6":{"start":{"line":28,"column":17},"end":{"line":34,"column":5}},"7":{"start":{"line":36,"column":4},"end":{"line":36,"column":50}},"8":{"start":{"line":44,"column":19},"end":{"line":47,"column":5}},"9":{"start":{"line":48,"column":21},"end":{"line":48,"column":62}},"10":{"start":{"line":49,"column":4},"end":{"line":49,"column":25}},"11":{"start":{"line":58,"column":21},"end":{"line":62,"column":16}},"12":{"start":{"line":64,"column":4},"end":{"line":64,"column":29}},"13":{"start":{"line":73,"column":26},"end":{"line":73,"column":37}},"14":{"start":{"line":74,"column":4},"end":{"line":74,"column":34}},"15":{"start":{"line":80,"column":0},"end":{"line":80,"column":25}}},"fnMap":{"0":{"name":"(anonymous_0)","decl":{"start":{"line":15,"column":2},"end":{"line":15,"column":3}},"loc":{"start":{"line":15,"column":16},"end":{"line":18,"column":3}},"line":15},"1":{"name":"(anonymous_1)","decl":{"start":{"line":26,"column":2},"end":{"line":26,"column":3}},"loc":{"start":{"line":26,"column":29},"end":{"line":37,"column":3}},"line":26},"2":{"name":"(anonymous_2)","decl":{"start":{"line":43,"column":2},"end":{"line":43,"column":3}},"loc":{"start":{"line":43,"column":22},"end":{"line":50,"column":3}},"line":43},"3":{"name":"(anonymous_3)","decl":{"start":{"line":57,"column":2},"end":{"line":57,"column":3}},"loc":{"start":{"line":57,"column":19},"end":{"line":65,"column":3}},"line":57},"4":{"name":"(anonymous_4)","decl":{"start":{"line":72,"column":2},"end":{"line":72,"column":3}},"loc":{"start":{"line":72,"column":12},"end":{"line":75,"column":3}},"line":72}},"branchMap":{},"s":{"0":2,"1":2,"2":2,"3":0,"4":0,"5":0,"6":0,"7":0,"8":0,"9":0,"10":0,"11":0,"12":0,"13":0,"14":0,"15":2},"f":{"0":0,"1":0,"2":0,"3":0,"4":0},"b":{},"_coverageSchema":"1a1c01bbd47fc00a2c39e90264f33305004495a9","hash":"c79347cbee159c260bdf6525be864cfe6a732c3b"}
,"/home/camonapp/Documentos/thumbnail-generator-api/helpers/Validation.js": {"path":"/home/camonapp/Documentos/thumbnail-generator-api/helpers/Validation.js","statementMap":{"0":{"start":{"line":1,"column":17},"end":{"line":1,"column":37}},"1":{"start":{"line":2,"column":28},"end":{"line":2,"column":72}},"2":{"start":{"line":4,"column":20},"end":{"line":8,"column":1}},"3":{"start":{"line":20,"column":4},"end":{"line":20,"column":28}},"4":{"start":{"line":21,"column":4},"end":{"line":21,"column":37}},"5":{"start":{"line":22,"column":4},"end":{"line":22,"column":31}},"6":{"start":{"line":33,"column":2},"end":{"line":34,"column":59}},"7":{"start":{"line":34,"column":4},"end":{"line":34,"column":59}},"8":{"start":{"line":46,"column":28},"end":{"line":46,"column":39}},"9":{"start":{"line":47,"column":19},"end":{"line":47,"column":52}},"10":{"start":{"line":48,"column":23},"end":{"line":48,"column":47}},"11":{"start":{"line":50,"column":2},"end":{"line":51,"column":51}},"12":{"start":{"line":51,"column":4},"end":{"line":51,"column":51}},"13":{"start":{"line":53,"column":2},"end":{"line":55,"column":3}},"14":{"start":{"line":54,"column":4},"end":{"line":54,"column":72}},"15":{"start":{"line":67,"column":23},"end":{"line":67,"column":34}},"16":{"start":{"line":68,"column":19},"end":{"line":68,"column":39}},"17":{"start":{"line":69,"column":22},"end":{"line":69,"column":37}},"18":{"start":{"line":71,"column":2},"end":{"line":72,"column":81}},"19":{"start":{"line":72,"column":4},"end":{"line":72,"column":81}},"20":{"start":{"line":75,"column":0},"end":{"line":75,"column":28}}},"fnMap":{"0":{"name":"(anonymous_0)","decl":{"start":{"line":19,"column":2},"end":{"line":19,"column":3}},"loc":{"start":{"line":19,"column":34},"end":{"line":23,"column":3}},"line":19},"1":{"name":"validateParameter","decl":{"start":{"line":32,"column":9},"end":{"line":32,"column":26}},"loc":{"start":{"line":32,"column":33},"end":{"line":35,"column":1}},"line":32},"2":{"name":"validateType","decl":{"start":{"line":45,"column":15},"end":{"line":45,"column":27}},"loc":{"start":{"line":45,"column":42},"end":{"line":56,"column":1}},"line":45},"3":{"name":"validateSize","decl":{"start":{"line":66,"column":9},"end":{"line":66,"column":21}},"loc":{"start":{"line":66,"column":36},"end":{"line":73,"column":1}},"line":66}},"branchMap":{"0":{"loc":{"start":{"line":33,"column":2},"end":{"line":34,"column":59}},"type":"if","locations":[{"start":{"line":33,"column":2},"end":{"line":34,"column":59}},{"start":{"line":33,"column":2},"end":{"line":34,"column":59}}],"line":33},"1":{"loc":{"start":{"line":50,"column":2},"end":{"line":51,"column":51}},"type":"if","locations":[{"start":{"line":50,"column":2},"end":{"line":51,"column":51}},{"start":{"line":50,"column":2},"end":{"line":51,"column":51}}],"line":50},"2":{"loc":{"start":{"line":53,"column":2},"end":{"line":55,"column":3}},"type":"if","locations":[{"start":{"line":53,"column":2},"end":{"line":55,"column":3}},{"start":{"line":53,"column":2},"end":{"line":55,"column":3}}],"line":53},"3":{"loc":{"start":{"line":71,"column":2},"end":{"line":72,"column":81}},"type":"if","locations":[{"start":{"line":71,"column":2},"end":{"line":72,"column":81}},{"start":{"line":71,"column":2},"end":{"line":72,"column":81}}],"line":71}},"s":{"0":2,"1":2,"2":2,"3":7,"4":5,"5":3,"6":7,"7":2,"8":5,"9":5,"10":5,"11":5,"12":1,"13":4,"14":1,"15":3,"16":3,"17":3,"18":3,"19":1,"20":2},"f":{"0":7,"1":7,"2":5,"3":3},"b":{"0":[2,5],"1":[1,4],"2":[1,3],"3":[1,2]},"_coverageSchema":"1a1c01bbd47fc00a2c39e90264f33305004495a9","hash":"abbc20d6dcb26f96ab62545c43d72fc7f4d2f4aa"}
}
