TN:
SF:handlers/api.js
FN:7,(anonymous_0)
FN:27,(anonymous_1)
FN:35,(anonymous_2)
FNF:3
FNH:3
FNDA:2,(anonymous_0)
FNDA:1,(anonymous_1)
FNDA:3,(anonymous_2)
DA:1,1
DA:2,1
DA:3,1
DA:4,1
DA:7,1
DA:8,2
DA:9,2
DA:11,2
DA:12,2
DA:14,2
DA:16,1
DA:18,1
DA:20,1
DA:23,1
DA:27,1
DA:28,1
DA:29,1
DA:30,1
DA:31,1
DA:33,1
DA:35,1
DA:36,3
DA:39,1
LF:23
LH:23
BRDA:12,0,0,2
BRDA:12,0,1,1
BRF:2
BRH:2
end_of_record
TN:
SF:handlers/process.js
FN:10,(anonymous_0)
FN:13,(anonymous_1)
FN:16,(anonymous_2)
FNF:3
FNH:3
FNDA:1,(anonymous_0)
FNDA:1,(anonymous_1)
FNDA:3,(anonymous_2)
DA:1,1
DA:2,1
DA:4,1
DA:10,1
DA:11,1
DA:13,1
DA:14,1
DA:15,1
DA:16,1
DA:17,3
DA:18,0
DA:19,0
LF:12
LH:10
BRF:0
BRH:0
end_of_record
TN:
SF:helpers/Resize.js
FN:13,(anonymous_0)
FN:25,(anonymous_1)
FN:35,(anonymous_2)
FN:49,(anonymous_3)
FNF:4
FNH:4
FNDA:2,(anonymous_0)
FNDA:2,(anonymous_1)
FNDA:1,(anonymous_2)
FNDA:4,(anonymous_3)
DA:1,3
DA:2,3
DA:3,3
DA:14,2
DA:15,2
DA:16,2
DA:17,2
DA:26,2
DA:36,1
DA:37,1
DA:38,1
DA:50,4
DA:55,3
LF:13
LH:13
BRF:0
BRH:0
end_of_record
TN:
SF:helpers/Response.js
FN:8,(anonymous_0)
FNF:1
FNH:1
FNDA:5,(anonymous_0)
DA:9,5
DA:20,2
LF:2
LH:2
BRDA:10,0,0,5
BRDA:10,0,1,3
BRF:2
BRH:2
end_of_record
TN:
SF:helpers/Storage.js
FN:15,(anonymous_0)
FN:26,(anonymous_1)
FN:43,(anonymous_2)
FN:57,(anonymous_3)
FN:72,(anonymous_4)
FNF:5
FNH:0
FNDA:0,(anonymous_0)
FNDA:0,(anonymous_1)
FNDA:0,(anonymous_2)
FNDA:0,(anonymous_3)
FNDA:0,(anonymous_4)
DA:1,2
DA:2,2
DA:4,2
DA:16,0
DA:17,0
DA:27,0
DA:28,0
DA:36,0
DA:44,0
DA:48,0
DA:49,0
DA:58,0
DA:64,0
DA:73,0
DA:74,0
DA:80,2
LF:16
LH:4
BRF:0
BRH:0
end_of_record
TN:
SF:helpers/Validation.js
FN:19,(anonymous_0)
FN:32,validateParameter
FN:45,validateType
FN:66,validateSize
FNF:4
FNH:4
FNDA:7,(anonymous_0)
FNDA:7,validateParameter
FNDA:5,validateType
FNDA:3,validateSize
DA:1,2
DA:2,2
DA:4,2
DA:20,7
DA:21,5
DA:22,3
DA:33,7
DA:34,2
DA:46,5
DA:47,5
DA:48,5
DA:50,5
DA:51,1
DA:53,4
DA:54,1
DA:67,3
DA:68,3
DA:69,3
DA:71,3
DA:72,1
DA:75,2
LF:21
LH:21
BRDA:33,0,0,2
BRDA:33,0,1,5
BRDA:50,1,0,1
BRDA:50,1,1,4
BRDA:53,2,0,1
BRDA:53,2,1,3
BRDA:71,3,0,1
BRDA:71,3,1,2
BRF:8
BRH:8
end_of_record
